[35m[Appium][39m Welcome to Appium v1.22.3
[35m[Appium][39m Non-default server args:
[35m[Appium][39m   port: 64289
[35m[Appium][39m   loglevel: info
[35m[Appium][39m   tmpDir: C:\Users\pooyu\AppData\Local\Temp\\Katalon\Appium\Temp1680491138843
[35m[Appium][39m   chromedriverPort: 64291
[35m[Appium][39m Deprecated server args:
[35m[Appium][39m   [31m--chromedriver-port[39m => --default-capabilities
[35m[Appium][39m Default capabilities, which will be added to each request unless overridden by desired capabilities:
[35m[Appium][39m   chromedriverPort: 64291
[35m[Appium][39m Appium REST http interface listener started on 0.0.0.0:64289
[35m[HTTP][39m [37m-->[39m [37mGET[39m [37m/wd/hub/status[39m
[35m[HTTP][39m [90m{}[39m
[35m[HTTP][39m [37m<-- GET /wd/hub/status [39m[32m200[39m [90m7 ms - 68[39m
[35m[HTTP][39m [90m[39m
[35m[HTTP][39m [37m-->[39m [37mPOST[39m [37m/wd/hub/session[39m
[35m[HTTP][39m [90m{"desiredCapabilities":{"appActivity":".Settings","appPackage":"com.android.settings","newCommandTimeout":1800,"platformVersion":"13","automationName":"uiautomator2","autoGrantPermissions":true,"platformName":"Android","udid":"emulator-5554","deviceName":"emulator-5554 (sdk_gphone64_x86_64 - Android 13)","platform":"ANDROID","systemPort":8209},"capabilities":{"firstMatch":[{"appium:appActivity":".Settings","appium:appPackage":"com.android.settings","appium:autoGrantPermissions":true,"appium:automationName":"uiautomator2","appium:deviceName":"emulator-5554 (sdk_gphone64_x86_64 - Android 13)","appium:newCommandTimeout":1800,"platform":"ANDROID","platformName":"android","appium:platformVersion":"13","appium:systemPort":8209,"appium:udid":"emulator-5554"}]}}[39m
[35m[BaseDriver][39m The following capabilities are not standard capabilities and should have an extension prefix:
[35m[BaseDriver][39m   platform
[35m[BaseDriver][39m   chromedriverPort
[35m[Appium][39m Appium v1.22.3 creating new AndroidUiautomator2Driver (v1.70.1) session
[35m[BaseDriver][39m The following capabilities were provided, but are not recognized by Appium:
[35m[BaseDriver][39m   platform
[35m[BaseDriver][39m Session created with session id: fcbe023b-b7d7-415d-9240-32377a896a5e
[35m[UiAutomator2][39m Starting 'com.android.settings' directly on the device
[35m[ADB][39m Found 1 'build-tools' folders under 'C:\Users\pooyu\.katalon\tools\android_sdk' (newest first):
[35m[ADB][39m     C:/Users/pooyu/.katalon/tools/android_sdk/build-tools/29.0.3
[35m[ADB][39m Using 'adb.exe' from 'C:\Users\pooyu\.katalon\tools\android_sdk\platform-tools\adb.exe'
[35m[AndroidDriver][39m Retrieving device list
[35m[AndroidDriver][39m Using device: emulator-5554
[35m[ADB][39m Using 'adb.exe' from 'C:\Users\pooyu\.katalon\tools\android_sdk\platform-tools\adb.exe'
[35m[ADB][39m Getting device platform version
[35m[UiAutomator2][39m Relaxing hidden api policy
[35m[AndroidDriver][39m No app sent in, not parsing package/activity
[35m[ADB][39m Using 'apksigner.jar' from 'C:\Users\pooyu\.katalon\tools\android_sdk\build-tools\29.0.3\lib\apksigner.jar'
[35m[ADB][39m 'C:\Users\pooyu\AppData\Roaming\npm\node_modules\appium\node_modules\appium-uiautomator2-server\apks\appium-uiautomator2-server-v4.27.0.apk' is signed with the default certificate
[35m[ADB][39m 'C:\Users\pooyu\AppData\Roaming\npm\node_modules\appium\node_modules\appium-uiautomator2-server\apks\appium-uiautomator2-server-debug-androidTest.apk' is signed with the default certificate
[35m[UiAutomator2][39m Server packages are not going to be (re)installed
[35m[ADB][39m Adding packages ["io.appium.settings","io.appium.uiautomator2.server","io.appium.uiautomator2.server.test"] to Doze whitelist
[35m[UiAutomator2][39m Starting UIAutomator2 server 4.27.0
[35m[UiAutomator2][39m Using UIAutomator2 server from 'C:\Users\pooyu\AppData\Roaming\npm\node_modules\appium\node_modules\appium-uiautomator2-server\apks\appium-uiautomator2-server-v4.27.0.apk' and test from 'C:\Users\pooyu\AppData\Roaming\npm\node_modules\appium\node_modules\appium-uiautomator2-server\apks\appium-uiautomator2-server-debug-androidTest.apk'
[35m[UiAutomator2][39m Waiting up to 30000ms for UiAutomator2 to be online...
[35m[WD Proxy][39m socket hang up
[35m[WD Proxy][39m socket hang up
[35m[WD Proxy][39m Determined the downstream protocol as 'W3C'
[35m[AndroidDriver][39m Screen already unlocked, doing nothing
[35m[UiAutomator2][39m Starting 'com.android.settings/.Settings and waiting for 'com.android.settings/.Settings'
[35m[Appium][39m New AndroidUiautomator2Driver session created successfully, session fcbe023b-b7d7-415d-9240-32377a896a5e added to master session list
[35m[HTTP][39m [37m<-- POST /wd/hub/session [39m[32m200[39m [90m7391 ms - 1195[39m
[35m[HTTP][39m [90m[39m
[35m[HTTP][39m [37m-->[39m [37mGET[39m [37m/wd/hub/session/fcbe023b-b7d7-415d-9240-32377a896a5e[39m
[35m[HTTP][39m [90m{}[39m
[35m[HTTP][39m [37m<-- GET /wd/hub/session/fcbe023b-b7d7-415d-9240-32377a896a5e [39m[32m200[39m [90m29 ms - 1149[39m
[35m[HTTP][39m [90m[39m
[35m[HTTP][39m [37m-->[39m [37mGET[39m [37m/wd/hub/session/fcbe023b-b7d7-415d-9240-32377a896a5e[39m
[35m[HTTP][39m [90m{}[39m
[35m[HTTP][39m [37m<-- GET /wd/hub/session/fcbe023b-b7d7-415d-9240-32377a896a5e [39m[32m200[39m [90m26 ms - 1149[39m
[35m[HTTP][39m [90m[39m
[35m[HTTP][39m [37m-->[39m [37mGET[39m [37m/wd/hub/status[39m
[35m[HTTP][39m [90m{}[39m
[35m[HTTP][39m [37m<-- GET /wd/hub/status [39m[32m200[39m [90m1 ms - 68[39m
[35m[HTTP][39m [90m[39m
[35m[HTTP][39m [37m-->[39m [37mPOST[39m [37m/wd/hub/session/fcbe023b-b7d7-415d-9240-32377a896a5e/timeouts[39m
[35m[HTTP][39m [90m{"implicit":30000}[39m
[35m[HTTP][39m [37m<-- POST /wd/hub/session/fcbe023b-b7d7-415d-9240-32377a896a5e/timeouts [39m[32m200[39m [90m4 ms - 14[39m
[35m[HTTP][39m [90m[39m
[35m[HTTP][39m [37m-->[39m [37mGET[39m [37m/wd/hub/session/fcbe023b-b7d7-415d-9240-32377a896a5e/screenshot[39m
[35m[HTTP][39m [90m{}[39m
[35m[HTTP][39m [37m<-- GET /wd/hub/session/fcbe023b-b7d7-415d-9240-32377a896a5e/screenshot [39m[32m200[39m [90m294 ms - 25700[39m
[35m[HTTP][39m [90m[39m
[35m[HTTP][39m [37m-->[39m [37mGET[39m [37m/wd/hub/session/fcbe023b-b7d7-415d-9240-32377a896a5e/window/rect[39m
[35m[HTTP][39m [90m{}[39m
[35m[HTTP][39m [37m<-- GET /wd/hub/session/fcbe023b-b7d7-415d-9240-32377a896a5e/window/rect [39m[32m200[39m [90m19 ms - 50[39m
[35m[HTTP][39m [90m[39m
[35m[HTTP][39m [37m-->[39m [37mGET[39m [37m/wd/hub/session/fcbe023b-b7d7-415d-9240-32377a896a5e/appium/device/system_bars[39m
[35m[HTTP][39m [90m{}[39m
[35m[HTTP][39m [37m<-- GET /wd/hub/session/fcbe023b-b7d7-415d-9240-32377a896a5e/appium/device/system_bars [39m[32m200[39m [90m145 ms - 145[39m
[35m[HTTP][39m [90m[39m
[35m[HTTP][39m [37m-->[39m [37mPOST[39m [37m/wd/hub/session/fcbe023b-b7d7-415d-9240-32377a896a5e/appium/device/activate_app[39m
[35m[HTTP][39m [90m{"bundleId":"com.codingid.codingidhive.betastaging"}[39m
[35m[HTTP][39m [37m<-- POST /wd/hub/session/fcbe023b-b7d7-415d-9240-32377a896a5e/appium/device/activate_app [39m[32m200[39m [90m359 ms - 14[39m
[35m[HTTP][39m [90m[39m
[35m[HTTP][39m [37m-->[39m [37mPOST[39m [37m/wd/hub/session/fcbe023b-b7d7-415d-9240-32377a896a5e/timeouts[39m
[35m[HTTP][39m [90m{"implicit":50}[39m
[35m[HTTP][39m [37m<-- POST /wd/hub/session/fcbe023b-b7d7-415d-9240-32377a896a5e/timeouts [39m[32m200[39m [90m4 ms - 14[39m
[35m[HTTP][39m [90m[39m
[35m[HTTP][39m [37m-->[39m [37mGET[39m [37m/wd/hub/session/fcbe023b-b7d7-415d-9240-32377a896a5e/window/rect[39m
[35m[HTTP][39m [90m{}[39m
[35m[HTTP][39m [37m<-- GET /wd/hub/session/fcbe023b-b7d7-415d-9240-32377a896a5e/window/rect [39m[32m200[39m [90m22 ms - 50[39m
[35m[HTTP][39m [90m[39m
[35m[HTTP][39m [37m-->[39m [37mPOST[39m [37m/wd/hub/session/fcbe023b-b7d7-415d-9240-32377a896a5e/elements[39m
[35m[HTTP][39m [90m{"using":"accessibility id","value":"Profile, tab, 4 of 4"}[39m
[35m[HTTP][39m [37m<-- POST /wd/hub/session/fcbe023b-b7d7-415d-9240-32377a896a5e/elements [39m[32m200[39m [90m59 ms - 12[39m
[35m[HTTP][39m [90m[39m
[35m[HTTP][39m [37m-->[39m [37mPOST[39m [37m/wd/hub/session/fcbe023b-b7d7-415d-9240-32377a896a5e/elements[39m
[35m[HTTP][39m [90m{"using":"accessibility id","value":"Profile, tab, 4 of 4"}[39m
[35m[HTTP][39m [37m<-- POST /wd/hub/session/fcbe023b-b7d7-415d-9240-32377a896a5e/elements [39m[32m200[39m [90m1024 ms - 139[39m
[35m[HTTP][39m [90m[39m
[35m[HTTP][39m [37m-->[39m [37mGET[39m [37m/wd/hub/session/fcbe023b-b7d7-415d-9240-32377a896a5e/element/00000000-0000-054c-ffff-ffff00000032/location[39m
[35m[HTTP][39m [90m{}[39m
[35m[W3C (fcbe023b)][39m Driver proxy active, passing request on via HTTP proxy
[35m[WD Proxy][39m Replacing sessionId 57b2da51-3264-4adb-9fac-45554317ecdc with fcbe023b-b7d7-415d-9240-32377a896a5e
[35m[HTTP][39m [37m<-- GET /wd/hub/session/fcbe023b-b7d7-415d-9240-32377a896a5e/element/00000000-0000-054c-ffff-ffff00000032/location [39m[32m200[39m [90m21 ms - 79[39m
[35m[HTTP][39m [90m[39m
[35m[HTTP][39m [37m-->[39m [37mPOST[39m [37m/wd/hub/session/fcbe023b-b7d7-415d-9240-32377a896a5e/timeouts[39m
[35m[HTTP][39m [90m{"implicit":30000}[39m
[35m[HTTP][39m [37m<-- POST /wd/hub/session/fcbe023b-b7d7-415d-9240-32377a896a5e/timeouts [39m[32m200[39m [90m1 ms - 14[39m
[35m[HTTP][39m [90m[39m
[35m[HTTP][39m [37m-->[39m [37mPOST[39m [37m/wd/hub/session/fcbe023b-b7d7-415d-9240-32377a896a5e/element/00000000-0000-054c-ffff-ffff00000032/click[39m
[35m[HTTP][39m [90m{"id":"00000000-0000-054c-ffff-ffff00000032"}[39m
[35m[HTTP][39m [37m<-- POST /wd/hub/session/fcbe023b-b7d7-415d-9240-32377a896a5e/element/00000000-0000-054c-ffff-ffff00000032/click [39m[32m200[39m [90m53 ms - 14[39m
[35m[HTTP][39m [90m[39m
[35m[HTTP][39m [37m-->[39m [37mPOST[39m [37m/wd/hub/session/fcbe023b-b7d7-415d-9240-32377a896a5e/timeouts[39m
[35m[HTTP][39m [90m{"implicit":50}[39m
[35m[HTTP][39m [37m<-- POST /wd/hub/session/fcbe023b-b7d7-415d-9240-32377a896a5e/timeouts [39m[32m200[39m [90m1 ms - 14[39m
[35m[HTTP][39m [90m[39m
[35m[HTTP][39m [37m-->[39m [37mGET[39m [37m/wd/hub/session/fcbe023b-b7d7-415d-9240-32377a896a5e/window/rect[39m
[35m[HTTP][39m [90m{}[39m
[35m[HTTP][39m [37m<-- GET /wd/hub/session/fcbe023b-b7d7-415d-9240-32377a896a5e/window/rect [39m[32m200[39m [90m28 ms - 50[39m
[35m[HTTP][39m [90m[39m
[35m[HTTP][39m [37m-->[39m [37mPOST[39m [37m/wd/hub/session/fcbe023b-b7d7-415d-9240-32377a896a5e/elements[39m
[35m[HTTP][39m [90m{"using":"xpath","value":"//*[@class = 'android.widget.TextView' and (@text = '' or . = '')]"}[39m
[35m[HTTP][39m [37m<-- POST /wd/hub/session/fcbe023b-b7d7-415d-9240-32377a896a5e/elements [39m[32m200[39m [90m951 ms - 139[39m
[35m[HTTP][39m [90m[39m
[35m[HTTP][39m [37m-->[39m [37mGET[39m [37m/wd/hub/session/fcbe023b-b7d7-415d-9240-32377a896a5e/element/00000000-0000-054c-ffff-ffff00002a25/location[39m
[35m[HTTP][39m [90m{}[39m
[35m[W3C (fcbe023b)][39m Driver proxy active, passing request on via HTTP proxy
[35m[WD Proxy][39m Replacing sessionId 57b2da51-3264-4adb-9fac-45554317ecdc with fcbe023b-b7d7-415d-9240-32377a896a5e
[35m[HTTP][39m [37m<-- GET /wd/hub/session/fcbe023b-b7d7-415d-9240-32377a896a5e/element/00000000-0000-054c-ffff-ffff00002a25/location [39m[32m200[39m [90m9 ms - 77[39m
[35m[HTTP][39m [90m[39m
[35m[HTTP][39m [37m-->[39m [37mPOST[39m [37m/wd/hub/session/fcbe023b-b7d7-415d-9240-32377a896a5e/timeouts[39m
[35m[HTTP][39m [90m{"implicit":30000}[39m
[35m[HTTP][39m [37m<-- POST /wd/hub/session/fcbe023b-b7d7-415d-9240-32377a896a5e/timeouts [39m[32m200[39m [90m1 ms - 14[39m
[35m[HTTP][39m [90m[39m
[35m[HTTP][39m [37m-->[39m [37mPOST[39m [37m/wd/hub/session/fcbe023b-b7d7-415d-9240-32377a896a5e/element/00000000-0000-054c-ffff-ffff00002a25/click[39m
[35m[HTTP][39m [90m{"id":"00000000-0000-054c-ffff-ffff00002a25"}[39m
[35m[HTTP][39m [37m<-- POST /wd/hub/session/fcbe023b-b7d7-415d-9240-32377a896a5e/element/00000000-0000-054c-ffff-ffff00002a25/click [39m[32m200[39m [90m57 ms - 14[39m
[35m[HTTP][39m [90m[39m
[35m[HTTP][39m [37m-->[39m [37mPOST[39m [37m/wd/hub/session/fcbe023b-b7d7-415d-9240-32377a896a5e/timeouts[39m
[35m[HTTP][39m [90m{"implicit":50}[39m
[35m[HTTP][39m [37m<-- POST /wd/hub/session/fcbe023b-b7d7-415d-9240-32377a896a5e/timeouts [39m[32m200[39m [90m3 ms - 14[39m
[35m[HTTP][39m [90m[39m
[35m[HTTP][39m [37m-->[39m [37mGET[39m [37m/wd/hub/session/fcbe023b-b7d7-415d-9240-32377a896a5e/window/rect[39m
[35m[HTTP][39m [90m{}[39m
[35m[HTTP][39m [37m<-- GET /wd/hub/session/fcbe023b-b7d7-415d-9240-32377a896a5e/window/rect [39m[32m200[39m [90m11 ms - 50[39m
[35m[HTTP][39m [90m[39m
[35m[HTTP][39m [37m-->[39m [37mPOST[39m [37m/wd/hub/session/fcbe023b-b7d7-415d-9240-32377a896a5e/elements[39m
[35m[HTTP][39m [90m{"using":"xpath","value":"//hierarchy/android.widget.FrameLayout[1]/android.widget.LinearLayout[1]/android.widget.FrameLayout[1]/android.widget.LinearLayout[1]/android.widget.FrameLayout[1]/android.widget.FrameLayout[1]/android.view.ViewGroup[2]/android.view.ViewGroup[1]/android.view.ViewGroup[3]/android.view.ViewGroup[2]/android.view.ViewGroup[2]"}[39m
[35m[HTTP][39m [37m<-- POST /wd/hub/session/fcbe023b-b7d7-415d-9240-32377a896a5e/elements [39m[32m200[39m [90m880 ms - 139[39m
[35m[HTTP][39m [90m[39m
[35m[HTTP][39m [37m-->[39m [37mGET[39m [37m/wd/hub/session/fcbe023b-b7d7-415d-9240-32377a896a5e/element/00000000-0000-054c-ffff-ffff00003155/location[39m
[35m[HTTP][39m [90m{}[39m
[35m[W3C (fcbe023b)][39m Driver proxy active, passing request on via HTTP proxy
[35m[WD Proxy][39m Replacing sessionId 57b2da51-3264-4adb-9fac-45554317ecdc with fcbe023b-b7d7-415d-9240-32377a896a5e
[35m[HTTP][39m [37m<-- GET /wd/hub/session/fcbe023b-b7d7-415d-9240-32377a896a5e/element/00000000-0000-054c-ffff-ffff00003155/location [39m[32m200[39m [90m12 ms - 78[39m
[35m[HTTP][39m [90m[39m
[35m[HTTP][39m [37m-->[39m [37mPOST[39m [37m/wd/hub/session/fcbe023b-b7d7-415d-9240-32377a896a5e/timeouts[39m
[35m[HTTP][39m [90m{"implicit":30000}[39m
[35m[HTTP][39m [37m<-- POST /wd/hub/session/fcbe023b-b7d7-415d-9240-32377a896a5e/timeouts [39m[32m200[39m [90m1 ms - 14[39m
[35m[HTTP][39m [90m[39m
[35m[HTTP][39m [37m-->[39m [37mPOST[39m [37m/wd/hub/session/fcbe023b-b7d7-415d-9240-32377a896a5e/element/00000000-0000-054c-ffff-ffff00003155/click[39m
[35m[HTTP][39m [90m{"id":"00000000-0000-054c-ffff-ffff00003155"}[39m
[35m[HTTP][39m [37m<-- POST /wd/hub/session/fcbe023b-b7d7-415d-9240-32377a896a5e/element/00000000-0000-054c-ffff-ffff00003155/click [39m[32m200[39m [90m58 ms - 14[39m
[35m[HTTP][39m [90m[39m
[35m[HTTP][39m [37m-->[39m [37mPOST[39m [37m/wd/hub/session/fcbe023b-b7d7-415d-9240-32377a896a5e/timeouts[39m
[35m[HTTP][39m [90m{"implicit":50}[39m
[35m[HTTP][39m [37m<-- POST /wd/hub/session/fcbe023b-b7d7-415d-9240-32377a896a5e/timeouts [39m[32m200[39m [90m1 ms - 14[39m
[35m[HTTP][39m [90m[39m
[35m[HTTP][39m [37m-->[39m [37mGET[39m [37m/wd/hub/session/fcbe023b-b7d7-415d-9240-32377a896a5e/window/rect[39m
[35m[HTTP][39m [90m{}[39m
[35m[HTTP][39m [37m<-- GET /wd/hub/session/fcbe023b-b7d7-415d-9240-32377a896a5e/window/rect [39m[32m200[39m [90m7 ms - 50[39m
[35m[HTTP][39m [90m[39m
[35m[HTTP][39m [37m-->[39m [37mPOST[39m [37m/wd/hub/session/fcbe023b-b7d7-415d-9240-32377a896a5e/elements[39m
[35m[HTTP][39m [90m{"using":"xpath","value":"//*[@class = 'android.widget.TextView' and (@text = 'Save Changes' or . = 'Save Changes')]"}[39m
[35m[HTTP][39m [37m<-- POST /wd/hub/session/fcbe023b-b7d7-415d-9240-32377a896a5e/elements [39m[32m200[39m [90m274 ms - 12[39m
[35m[HTTP][39m [90m[39m
[35m[HTTP][39m [37m-->[39m [37mPOST[39m [37m/wd/hub/session/fcbe023b-b7d7-415d-9240-32377a896a5e/elements[39m
[35m[HTTP][39m [90m{"using":"xpath","value":"//*[@class = 'android.widget.TextView' and (@text = 'Save Changes' or . = 'Save Changes')]"}[39m
[35m[HTTP][39m [37m<-- POST /wd/hub/session/fcbe023b-b7d7-415d-9240-32377a896a5e/elements [39m[32m200[39m [90m281 ms - 12[39m
[35m[HTTP][39m [90m[39m
[35m[HTTP][39m [37m-->[39m [37mPOST[39m [37m/wd/hub/session/fcbe023b-b7d7-415d-9240-32377a896a5e/elements[39m
[35m[HTTP][39m [90m{"using":"xpath","value":"//*[@class = 'android.widget.TextView' and (@text = 'Save Changes' or . = 'Save Changes')]"}[39m
[35m[HTTP][39m [37m<-- POST /wd/hub/session/fcbe023b-b7d7-415d-9240-32377a896a5e/elements [39m[32m200[39m [90m291 ms - 12[39m
[35m[HTTP][39m [90m[39m
[35m[HTTP][39m [37m-->[39m [37mPOST[39m [37m/wd/hub/session/fcbe023b-b7d7-415d-9240-32377a896a5e/elements[39m
[35m[HTTP][39m [90m{"using":"xpath","value":"//*[@class = 'android.widget.TextView' and (@text = 'Save Changes' or . = 'Save Changes')]"}[39m
[35m[HTTP][39m [37m<-- POST /wd/hub/session/fcbe023b-b7d7-415d-9240-32377a896a5e/elements [39m[32m200[39m [90m978 ms - 139[39m
[35m[HTTP][39m [90m[39m
[35m[HTTP][39m [37m-->[39m [37mGET[39m [37m/wd/hub/session/fcbe023b-b7d7-415d-9240-32377a896a5e/element/00000000-0000-054c-ffff-ffff00003190/location[39m
[35m[HTTP][39m [90m{}[39m
[35m[W3C (fcbe023b)][39m Driver proxy active, passing request on via HTTP proxy
[35m[WD Proxy][39m Replacing sessionId 57b2da51-3264-4adb-9fac-45554317ecdc with fcbe023b-b7d7-415d-9240-32377a896a5e
[35m[HTTP][39m [37m<-- GET /wd/hub/session/fcbe023b-b7d7-415d-9240-32377a896a5e/element/00000000-0000-054c-ffff-ffff00003190/location [39m[32m200[39m [90m10 ms - 79[39m
[35m[HTTP][39m [90m[39m
[35m[HTTP][39m [37m-->[39m [37mPOST[39m [37m/wd/hub/session/fcbe023b-b7d7-415d-9240-32377a896a5e/timeouts[39m
[35m[HTTP][39m [90m{"implicit":30000}[39m
[35m[HTTP][39m [37m<-- POST /wd/hub/session/fcbe023b-b7d7-415d-9240-32377a896a5e/timeouts [39m[32m200[39m [90m1 ms - 14[39m
[35m[HTTP][39m [90m[39m
[35m[HTTP][39m [37m-->[39m [37mDELETE[39m [37m/wd/hub/session/fcbe023b-b7d7-415d-9240-32377a896a5e[39m
[35m[HTTP][39m [90m{}[39m
[35m[Appium][39m Removing session fcbe023b-b7d7-415d-9240-32377a896a5e from our master session list
[35m[UiAutomator2][39m Restoring hidden api policy to the device default configuration
[35m[HTTP][39m [37m<-- DELETE /wd/hub/session/fcbe023b-b7d7-415d-9240-32377a896a5e [39m[32m200[39m [90m219 ms - 14[39m
[35m[HTTP][39m [90m[39m
