[35m[Appium][39m Welcome to Appium v1.22.3
[35m[Appium][39m Non-default server args:
[35m[Appium][39m   port: 52595
[35m[Appium][39m   loglevel: info
[35m[Appium][39m   tmpDir: C:\Users\pooyu\AppData\Local\Temp\\Katalon\Appium\Temp1680492568576
[35m[Appium][39m   chromedriverPort: 52596
[35m[Appium][39m Deprecated server args:
[35m[Appium][39m   [31m--chromedriver-port[39m => --default-capabilities
[35m[Appium][39m Default capabilities, which will be added to each request unless overridden by desired capabilities:
[35m[Appium][39m   chromedriverPort: 52596
[35m[Appium][39m Appium REST http interface listener started on 0.0.0.0:52595
[35m[HTTP][39m [37m-->[39m [37mGET[39m [37m/wd/hub/status[39m
[35m[HTTP][39m [90m{}[39m
[35m[HTTP][39m [37m<-- GET /wd/hub/status [39m[32m200[39m [90m13 ms - 68[39m
[35m[HTTP][39m [90m[39m
[35m[HTTP][39m [37m-->[39m [37mPOST[39m [37m/wd/hub/session[39m
[35m[HTTP][39m [90m{"desiredCapabilities":{"appActivity":".Settings","appPackage":"com.android.settings","newCommandTimeout":1800,"platformVersion":"13","automationName":"uiautomator2","autoGrantPermissions":true,"platformName":"Android","udid":"emulator-5554","deviceName":"emulator-5554 (sdk_gphone64_x86_64 - Android 13)","platform":"ANDROID","systemPort":8221},"capabilities":{"firstMatch":[{"appium:appActivity":".Settings","appium:appPackage":"com.android.settings","appium:autoGrantPermissions":true,"appium:automationName":"uiautomator2","appium:deviceName":"emulator-5554 (sdk_gphone64_x86_64 - Android 13)","appium:newCommandTimeout":1800,"platform":"ANDROID","platformName":"android","appium:platformVersion":"13","appium:systemPort":8221,"appium:udid":"emulator-5554"}]}}[39m
[35m[BaseDriver][39m The following capabilities are not standard capabilities and should have an extension prefix:
[35m[BaseDriver][39m   platform
[35m[BaseDriver][39m   chromedriverPort
[35m[Appium][39m Appium v1.22.3 creating new AndroidUiautomator2Driver (v1.70.1) session
[35m[BaseDriver][39m The following capabilities were provided, but are not recognized by Appium:
[35m[BaseDriver][39m   platform
[35m[BaseDriver][39m Session created with session id: 4a89b8de-a760-4c21-a296-1836faf24396
[35m[UiAutomator2][39m Starting 'com.android.settings' directly on the device
[35m[ADB][39m Found 1 'build-tools' folders under 'C:\Users\pooyu\.katalon\tools\android_sdk' (newest first):
[35m[ADB][39m     C:/Users/pooyu/.katalon/tools/android_sdk/build-tools/29.0.3
[35m[ADB][39m Using 'adb.exe' from 'C:\Users\pooyu\.katalon\tools\android_sdk\platform-tools\adb.exe'
[35m[AndroidDriver][39m Retrieving device list
[35m[AndroidDriver][39m Using device: emulator-5554
[35m[ADB][39m Using 'adb.exe' from 'C:\Users\pooyu\.katalon\tools\android_sdk\platform-tools\adb.exe'
[35m[ADB][39m Getting device platform version
[35m[UiAutomator2][39m Relaxing hidden api policy
[35m[AndroidDriver][39m No app sent in, not parsing package/activity
[35m[ADB][39m Using 'apksigner.jar' from 'C:\Users\pooyu\.katalon\tools\android_sdk\build-tools\29.0.3\lib\apksigner.jar'
[35m[ADB][39m 'C:\Users\pooyu\AppData\Roaming\npm\node_modules\appium\node_modules\appium-uiautomator2-server\apks\appium-uiautomator2-server-v4.27.0.apk' is signed with the default certificate
[35m[ADB][39m 'C:\Users\pooyu\AppData\Roaming\npm\node_modules\appium\node_modules\appium-uiautomator2-server\apks\appium-uiautomator2-server-debug-androidTest.apk' is signed with the default certificate
[35m[UiAutomator2][39m Server packages are not going to be (re)installed
[35m[ADB][39m Adding packages ["io.appium.settings","io.appium.uiautomator2.server","io.appium.uiautomator2.server.test"] to Doze whitelist
[35m[UiAutomator2][39m Starting UIAutomator2 server 4.27.0
[35m[UiAutomator2][39m Using UIAutomator2 server from 'C:\Users\pooyu\AppData\Roaming\npm\node_modules\appium\node_modules\appium-uiautomator2-server\apks\appium-uiautomator2-server-v4.27.0.apk' and test from 'C:\Users\pooyu\AppData\Roaming\npm\node_modules\appium\node_modules\appium-uiautomator2-server\apks\appium-uiautomator2-server-debug-androidTest.apk'
[35m[UiAutomator2][39m Waiting up to 30000ms for UiAutomator2 to be online...
[35m[WD Proxy][39m socket hang up
[35m[WD Proxy][39m socket hang up
[35m[WD Proxy][39m socket hang up
[35m[WD Proxy][39m socket hang up
[35m[WD Proxy][39m Determined the downstream protocol as 'W3C'
[35m[AndroidDriver][39m Screen already unlocked, doing nothing
[35m[UiAutomator2][39m Starting 'com.android.settings/.Settings and waiting for 'com.android.settings/.Settings'
[35m[Appium][39m New AndroidUiautomator2Driver session created successfully, session 4a89b8de-a760-4c21-a296-1836faf24396 added to master session list
[35m[HTTP][39m [37m<-- POST /wd/hub/session [39m[32m200[39m [90m10666 ms - 1195[39m
[35m[HTTP][39m [90m[39m
[35m[HTTP][39m [37m-->[39m [37mGET[39m [37m/wd/hub/session/4a89b8de-a760-4c21-a296-1836faf24396[39m
[35m[HTTP][39m [90m{}[39m
[35m[HTTP][39m [37m<-- GET /wd/hub/session/4a89b8de-a760-4c21-a296-1836faf24396 [39m[32m200[39m [90m11 ms - 1149[39m
[35m[HTTP][39m [90m[39m
[35m[HTTP][39m [37m-->[39m [37mGET[39m [37m/wd/hub/session/4a89b8de-a760-4c21-a296-1836faf24396[39m
[35m[HTTP][39m [90m{}[39m
[35m[HTTP][39m [37m<-- GET /wd/hub/session/4a89b8de-a760-4c21-a296-1836faf24396 [39m[32m200[39m [90m10 ms - 1149[39m
[35m[HTTP][39m [90m[39m
[35m[HTTP][39m [37m-->[39m [37mGET[39m [37m/wd/hub/status[39m
[35m[HTTP][39m [90m{}[39m
[35m[HTTP][39m [37m<-- GET /wd/hub/status [39m[32m200[39m [90m1 ms - 68[39m
[35m[HTTP][39m [90m[39m
[35m[HTTP][39m [37m-->[39m [37mPOST[39m [37m/wd/hub/session/4a89b8de-a760-4c21-a296-1836faf24396/timeouts[39m
[35m[HTTP][39m [90m{"implicit":30000}[39m
[35m[HTTP][39m [37m<-- POST /wd/hub/session/4a89b8de-a760-4c21-a296-1836faf24396/timeouts [39m[32m200[39m [90m2 ms - 14[39m
[35m[HTTP][39m [90m[39m
[35m[HTTP][39m [37m-->[39m [37mGET[39m [37m/wd/hub/session/4a89b8de-a760-4c21-a296-1836faf24396/screenshot[39m
[35m[HTTP][39m [90m{}[39m
[35m[HTTP][39m [37m<-- GET /wd/hub/session/4a89b8de-a760-4c21-a296-1836faf24396/screenshot [39m[32m200[39m [90m314 ms - 26680[39m
[35m[HTTP][39m [90m[39m
[35m[HTTP][39m [37m-->[39m [37mGET[39m [37m/wd/hub/session/4a89b8de-a760-4c21-a296-1836faf24396/window/rect[39m
[35m[HTTP][39m [90m{}[39m
[35m[HTTP][39m [37m<-- GET /wd/hub/session/4a89b8de-a760-4c21-a296-1836faf24396/window/rect [39m[32m200[39m [90m50 ms - 50[39m
[35m[HTTP][39m [90m[39m
[35m[HTTP][39m [37m-->[39m [37mGET[39m [37m/wd/hub/session/4a89b8de-a760-4c21-a296-1836faf24396/appium/device/system_bars[39m
[35m[HTTP][39m [90m{}[39m
[35m[HTTP][39m [37m<-- GET /wd/hub/session/4a89b8de-a760-4c21-a296-1836faf24396/appium/device/system_bars [39m[32m200[39m [90m204 ms - 145[39m
[35m[HTTP][39m [90m[39m
[35m[HTTP][39m [37m-->[39m [37mPOST[39m [37m/wd/hub/session/4a89b8de-a760-4c21-a296-1836faf24396/appium/device/activate_app[39m
[35m[HTTP][39m [90m{"bundleId":"com.codingid.codingidhive.betastaging"}[39m
[35m[HTTP][39m [37m<-- POST /wd/hub/session/4a89b8de-a760-4c21-a296-1836faf24396/appium/device/activate_app [39m[32m200[39m [90m430 ms - 14[39m
[35m[HTTP][39m [90m[39m
[35m[HTTP][39m [37m-->[39m [37mPOST[39m [37m/wd/hub/session/4a89b8de-a760-4c21-a296-1836faf24396/timeouts[39m
[35m[HTTP][39m [90m{"implicit":50}[39m
[35m[HTTP][39m [37m<-- POST /wd/hub/session/4a89b8de-a760-4c21-a296-1836faf24396/timeouts [39m[32m200[39m [90m3 ms - 14[39m
[35m[HTTP][39m [90m[39m
[35m[HTTP][39m [37m-->[39m [37mGET[39m [37m/wd/hub/session/4a89b8de-a760-4c21-a296-1836faf24396/window/rect[39m
[35m[HTTP][39m [90m{}[39m
[35m[HTTP][39m [37m<-- GET /wd/hub/session/4a89b8de-a760-4c21-a296-1836faf24396/window/rect [39m[32m200[39m [90m38 ms - 50[39m
[35m[HTTP][39m [90m[39m
[35m[HTTP][39m [37m-->[39m [37mPOST[39m [37m/wd/hub/session/4a89b8de-a760-4c21-a296-1836faf24396/elements[39m
[35m[HTTP][39m [90m{"using":"xpath","value":"//hierarchy/android.widget.FrameLayout[1]/android.widget.LinearLayout[1]/android.widget.FrameLayout[1]/android.widget.LinearLayout[1]/android.widget.FrameLayout[1]/android.widget.FrameLayout[1]/android.view.ViewGroup[1]/android.view.ViewGroup[1]/android.view.ViewGroup[2]/android.view.ViewGroup[1]/android.view.ViewGroup[1]/android.view.ViewGroup[1]/android.view.ViewGroup[2]/android.view.ViewGroup[1]/android.view.ViewGroup[1]/android.view.ViewGroup[1]/android.view.ViewGroup[1]/android.view.ViewGroup[1]/android.view.ViewGroup[1]/android.view.ViewGroup[1]/android.view.ViewGroup[2]/android.widget.Button[1]"}[39m
[35m[HTTP][39m [37m<-- POST /wd/hub/session/4a89b8de-a760-4c21-a296-1836faf24396/elements [39m[32m200[39m [90m2055 ms - 139[39m
[35m[HTTP][39m [90m[39m
[35m[HTTP][39m [37m-->[39m [37mGET[39m [37m/wd/hub/session/4a89b8de-a760-4c21-a296-1836faf24396/element/00000000-0000-065e-ffff-ffff00003a4f/location[39m
[35m[HTTP][39m [90m{}[39m
[35m[W3C (4a89b8de)][39m Driver proxy active, passing request on via HTTP proxy
[35m[WD Proxy][39m Replacing sessionId 282810f5-7bb5-4a0d-afc7-14f02e31e5ed with 4a89b8de-a760-4c21-a296-1836faf24396
[35m[HTTP][39m [37m<-- GET /wd/hub/session/4a89b8de-a760-4c21-a296-1836faf24396/element/00000000-0000-065e-ffff-ffff00003a4f/location [39m[32m200[39m [90m15 ms - 78[39m
[35m[HTTP][39m [90m[39m
[35m[HTTP][39m [37m-->[39m [37mPOST[39m [37m/wd/hub/session/4a89b8de-a760-4c21-a296-1836faf24396/timeouts[39m
[35m[HTTP][39m [90m{"implicit":30000}[39m
[35m[HTTP][39m [37m<-- POST /wd/hub/session/4a89b8de-a760-4c21-a296-1836faf24396/timeouts [39m[32m200[39m [90m2 ms - 14[39m
[35m[HTTP][39m [90m[39m
[35m[HTTP][39m [37m-->[39m [37mPOST[39m [37m/wd/hub/session/4a89b8de-a760-4c21-a296-1836faf24396/element/00000000-0000-065e-ffff-ffff00003a4f/click[39m
[35m[HTTP][39m [90m{"id":"00000000-0000-065e-ffff-ffff00003a4f"}[39m
[35m[HTTP][39m [37m<-- POST /wd/hub/session/4a89b8de-a760-4c21-a296-1836faf24396/element/00000000-0000-065e-ffff-ffff00003a4f/click [39m[32m200[39m [90m82 ms - 14[39m
[35m[HTTP][39m [90m[39m
[35m[HTTP][39m [37m-->[39m [37mPOST[39m [37m/wd/hub/session/4a89b8de-a760-4c21-a296-1836faf24396/timeouts[39m
[35m[HTTP][39m [90m{"implicit":50}[39m
[35m[HTTP][39m [37m<-- POST /wd/hub/session/4a89b8de-a760-4c21-a296-1836faf24396/timeouts [39m[32m200[39m [90m4 ms - 14[39m
[35m[HTTP][39m [90m[39m
[35m[HTTP][39m [37m-->[39m [37mGET[39m [37m/wd/hub/session/4a89b8de-a760-4c21-a296-1836faf24396/window/rect[39m
[35m[HTTP][39m [90m{}[39m
[35m[HTTP][39m [37m<-- GET /wd/hub/session/4a89b8de-a760-4c21-a296-1836faf24396/window/rect [39m[32m200[39m [90m13 ms - 50[39m
[35m[HTTP][39m [90m[39m
[35m[HTTP][39m [37m-->[39m [37mPOST[39m [37m/wd/hub/session/4a89b8de-a760-4c21-a296-1836faf24396/elements[39m
[35m[HTTP][39m [90m{"using":"xpath","value":"//hierarchy/android.widget.FrameLayout[1]/android.widget.LinearLayout[1]/android.widget.FrameLayout[1]/android.widget.LinearLayout[1]/android.widget.FrameLayout[1]/android.widget.FrameLayout[1]/android.view.ViewGroup[1]/android.view.ViewGroup[1]/android.view.ViewGroup[2]/android.view.ViewGroup[1]/android.view.ViewGroup[1]/android.view.ViewGroup[2]/android.view.ViewGroup[2]/android.view.ViewGroup[1]/android.view.ViewGroup[1]/android.view.ViewGroup[1]/android.view.ViewGroup[1]/android.view.ViewGroup[2]/android.view.ViewGroup[1]/android.view.ViewGroup[1]/android.widget.ScrollView[1]/android.view.ViewGroup[1]/android.view.ViewGroup[1]/android.widget.EditText[1]"}[39m
[35m[HTTP][39m [37m<-- POST /wd/hub/session/4a89b8de-a760-4c21-a296-1836faf24396/elements [39m[32m200[39m [90m94 ms - 139[39m
[35m[HTTP][39m [90m[39m
[35m[HTTP][39m [37m-->[39m [37mGET[39m [37m/wd/hub/session/4a89b8de-a760-4c21-a296-1836faf24396/element/00000000-0000-065e-ffff-ffff00003c4f/location[39m
[35m[HTTP][39m [90m{}[39m
[35m[W3C (4a89b8de)][39m Driver proxy active, passing request on via HTTP proxy
[35m[WD Proxy][39m Replacing sessionId 282810f5-7bb5-4a0d-afc7-14f02e31e5ed with 4a89b8de-a760-4c21-a296-1836faf24396
[35m[HTTP][39m [37m<-- GET /wd/hub/session/4a89b8de-a760-4c21-a296-1836faf24396/element/00000000-0000-065e-ffff-ffff00003c4f/location [39m[32m200[39m [90m14 ms - 77[39m
[35m[HTTP][39m [90m[39m
[35m[HTTP][39m [37m-->[39m [37mPOST[39m [37m/wd/hub/session/4a89b8de-a760-4c21-a296-1836faf24396/timeouts[39m
[35m[HTTP][39m [90m{"implicit":30000}[39m
[35m[HTTP][39m [37m<-- POST /wd/hub/session/4a89b8de-a760-4c21-a296-1836faf24396/timeouts [39m[32m200[39m [90m2 ms - 14[39m
[35m[HTTP][39m [90m[39m
[35m[HTTP][39m [37m-->[39m [37mPOST[39m [37m/wd/hub/session/4a89b8de-a760-4c21-a296-1836faf24396/element/00000000-0000-065e-ffff-ffff00003c4f/clear[39m
[35m[HTTP][39m [90m{"id":"00000000-0000-065e-ffff-ffff00003c4f"}[39m
[35m[HTTP][39m [37m<-- POST /wd/hub/session/4a89b8de-a760-4c21-a296-1836faf24396/element/00000000-0000-065e-ffff-ffff00003c4f/clear [39m[32m200[39m [90m33 ms - 14[39m
[35m[HTTP][39m [90m[39m
[35m[HTTP][39m [37m-->[39m [37mPOST[39m [37m/wd/hub/session/4a89b8de-a760-4c21-a296-1836faf24396/element/00000000-0000-065e-ffff-ffff00003c4f/value[39m
[35m[HTTP][39m [90m{"id":"00000000-0000-065e-ffff-ffff00003c4f","text":"ppp@g.co","value":["p","p","p","@","g",".","c","o"]}[39m
[35m[HTTP][39m [37m<-- POST /wd/hub/session/4a89b8de-a760-4c21-a296-1836faf24396/element/00000000-0000-065e-ffff-ffff00003c4f/value [39m[32m200[39m [90m504 ms - 14[39m
[35m[HTTP][39m [90m[39m
[35m[HTTP][39m [37m-->[39m [37mPOST[39m [37m/wd/hub/session/4a89b8de-a760-4c21-a296-1836faf24396/timeouts[39m
[35m[HTTP][39m [90m{"implicit":50}[39m
[35m[HTTP][39m [37m<-- POST /wd/hub/session/4a89b8de-a760-4c21-a296-1836faf24396/timeouts [39m[32m200[39m [90m2 ms - 14[39m
[35m[HTTP][39m [90m[39m
[35m[HTTP][39m [37m-->[39m [37mGET[39m [37m/wd/hub/session/4a89b8de-a760-4c21-a296-1836faf24396/window/rect[39m
[35m[HTTP][39m [90m{}[39m
[35m[HTTP][39m [37m<-- GET /wd/hub/session/4a89b8de-a760-4c21-a296-1836faf24396/window/rect [39m[32m200[39m [90m11 ms - 50[39m
[35m[HTTP][39m [90m[39m
[35m[HTTP][39m [37m-->[39m [37mPOST[39m [37m/wd/hub/session/4a89b8de-a760-4c21-a296-1836faf24396/elements[39m
[35m[HTTP][39m [90m{"using":"xpath","value":"//hierarchy/android.widget.FrameLayout[1]/android.widget.LinearLayout[1]/android.widget.FrameLayout[1]/android.widget.LinearLayout[1]/android.widget.FrameLayout[1]/android.widget.FrameLayout[1]/android.view.ViewGroup[1]/android.view.ViewGroup[1]/android.view.ViewGroup[2]/android.view.ViewGroup[1]/android.view.ViewGroup[1]/android.view.ViewGroup[2]/android.view.ViewGroup[2]/android.view.ViewGroup[1]/android.view.ViewGroup[1]/android.view.ViewGroup[1]/android.view.ViewGroup[1]/android.view.ViewGroup[2]/android.view.ViewGroup[1]/android.view.ViewGroup[1]/android.widget.ScrollView[1]/android.view.ViewGroup[1]/android.view.ViewGroup[1]/android.widget.EditText[2]"}[39m
[35m[HTTP][39m [37m<-- POST /wd/hub/session/4a89b8de-a760-4c21-a296-1836faf24396/elements [39m[32m200[39m [90m852 ms - 139[39m
[35m[HTTP][39m [90m[39m
[35m[HTTP][39m [37m-->[39m [37mGET[39m [37m/wd/hub/session/4a89b8de-a760-4c21-a296-1836faf24396/element/00000000-0000-065e-ffff-ffff00003c56/location[39m
[35m[HTTP][39m [90m{}[39m
[35m[W3C (4a89b8de)][39m Driver proxy active, passing request on via HTTP proxy
[35m[WD Proxy][39m Replacing sessionId 282810f5-7bb5-4a0d-afc7-14f02e31e5ed with 4a89b8de-a760-4c21-a296-1836faf24396
[35m[HTTP][39m [37m<-- GET /wd/hub/session/4a89b8de-a760-4c21-a296-1836faf24396/element/00000000-0000-065e-ffff-ffff00003c56/location [39m[32m200[39m [90m15 ms - 77[39m
[35m[HTTP][39m [90m[39m
[35m[HTTP][39m [37m-->[39m [37mPOST[39m [37m/wd/hub/session/4a89b8de-a760-4c21-a296-1836faf24396/timeouts[39m
[35m[HTTP][39m [90m{"implicit":30000}[39m
[35m[HTTP][39m [37m<-- POST /wd/hub/session/4a89b8de-a760-4c21-a296-1836faf24396/timeouts [39m[32m200[39m [90m1 ms - 14[39m
[35m[HTTP][39m [90m[39m
[35m[HTTP][39m [37m-->[39m [37mPOST[39m [37m/wd/hub/session/4a89b8de-a760-4c21-a296-1836faf24396/element/00000000-0000-065e-ffff-ffff00003c56/clear[39m
[35m[HTTP][39m [90m{"id":"00000000-0000-065e-ffff-ffff00003c56"}[39m
[35m[HTTP][39m [37m<-- POST /wd/hub/session/4a89b8de-a760-4c21-a296-1836faf24396/element/00000000-0000-065e-ffff-ffff00003c56/clear [39m[32m200[39m [90m27 ms - 14[39m
[35m[HTTP][39m [90m[39m
[35m[HTTP][39m [37m-->[39m [37mPOST[39m [37m/wd/hub/session/4a89b8de-a760-4c21-a296-1836faf24396/element/00000000-0000-065e-ffff-ffff00003c56/value[39m
[35m[HTTP][39m [90m{"id":"00000000-0000-065e-ffff-ffff00003c56","text":"a1234567","value":["a","1","2","3","4","5","6","7"]}[39m
[35m[HTTP][39m [37m<-- POST /wd/hub/session/4a89b8de-a760-4c21-a296-1836faf24396/element/00000000-0000-065e-ffff-ffff00003c56/value [39m[32m200[39m [90m507 ms - 14[39m
[35m[HTTP][39m [90m[39m
[35m[HTTP][39m [37m-->[39m [37mPOST[39m [37m/wd/hub/session/4a89b8de-a760-4c21-a296-1836faf24396/timeouts[39m
[35m[HTTP][39m [90m{"implicit":50}[39m
[35m[HTTP][39m [37m<-- POST /wd/hub/session/4a89b8de-a760-4c21-a296-1836faf24396/timeouts [39m[32m200[39m [90m3 ms - 14[39m
[35m[HTTP][39m [90m[39m
[35m[HTTP][39m [37m-->[39m [37mGET[39m [37m/wd/hub/session/4a89b8de-a760-4c21-a296-1836faf24396/window/rect[39m
[35m[HTTP][39m [90m{}[39m
[35m[HTTP][39m [37m<-- GET /wd/hub/session/4a89b8de-a760-4c21-a296-1836faf24396/window/rect [39m[32m200[39m [90m11 ms - 50[39m
[35m[HTTP][39m [90m[39m
[35m[HTTP][39m [37m-->[39m [37mPOST[39m [37m/wd/hub/session/4a89b8de-a760-4c21-a296-1836faf24396/elements[39m
[35m[HTTP][39m [90m{"using":"xpath","value":"//hierarchy/android.widget.FrameLayout[1]/android.widget.LinearLayout[1]/android.widget.FrameLayout[1]/android.widget.LinearLayout[1]/android.widget.FrameLayout[1]/android.widget.FrameLayout[1]/android.view.ViewGroup[1]/android.view.ViewGroup[1]/android.view.ViewGroup[2]/android.view.ViewGroup[1]/android.view.ViewGroup[1]/android.view.ViewGroup[2]/android.view.ViewGroup[2]/android.view.ViewGroup[1]/android.view.ViewGroup[1]/android.view.ViewGroup[1]/android.view.ViewGroup[1]/android.view.ViewGroup[2]/android.view.ViewGroup[1]/android.view.ViewGroup[1]/android.widget.ScrollView[1]/android.view.ViewGroup[1]/android.view.ViewGroup[1]/android.view.ViewGroup[6]/android.widget.Button[1]/android.view.ViewGroup[1]"}[39m
[35m[HTTP][39m [37m<-- POST /wd/hub/session/4a89b8de-a760-4c21-a296-1836faf24396/elements [39m[32m200[39m [90m785 ms - 139[39m
[35m[HTTP][39m [90m[39m
[35m[HTTP][39m [37m-->[39m [37mGET[39m [37m/wd/hub/session/4a89b8de-a760-4c21-a296-1836faf24396/element/00000000-0000-065e-ffff-ffff00003c5c/location[39m
[35m[HTTP][39m [90m{}[39m
[35m[W3C (4a89b8de)][39m Driver proxy active, passing request on via HTTP proxy
[35m[WD Proxy][39m Replacing sessionId 282810f5-7bb5-4a0d-afc7-14f02e31e5ed with 4a89b8de-a760-4c21-a296-1836faf24396
[35m[HTTP][39m [37m<-- GET /wd/hub/session/4a89b8de-a760-4c21-a296-1836faf24396/element/00000000-0000-065e-ffff-ffff00003c5c/location [39m[32m200[39m [90m22 ms - 78[39m
[35m[HTTP][39m [90m[39m
[35m[HTTP][39m [37m-->[39m [37mPOST[39m [37m/wd/hub/session/4a89b8de-a760-4c21-a296-1836faf24396/timeouts[39m
[35m[HTTP][39m [90m{"implicit":30000}[39m
[35m[HTTP][39m [37m<-- POST /wd/hub/session/4a89b8de-a760-4c21-a296-1836faf24396/timeouts [39m[32m200[39m [90m2 ms - 14[39m
[35m[HTTP][39m [90m[39m
[35m[HTTP][39m [37m-->[39m [37mPOST[39m [37m/wd/hub/session/4a89b8de-a760-4c21-a296-1836faf24396/element/00000000-0000-065e-ffff-ffff00003c5c/click[39m
[35m[HTTP][39m [90m{"id":"00000000-0000-065e-ffff-ffff00003c5c"}[39m
[35m[HTTP][39m [37m<-- POST /wd/hub/session/4a89b8de-a760-4c21-a296-1836faf24396/element/00000000-0000-065e-ffff-ffff00003c5c/click [39m[32m200[39m [90m74 ms - 14[39m
[35m[HTTP][39m [90m[39m
[35m[HTTP][39m [37m-->[39m [37mPOST[39m [37m/wd/hub/session/4a89b8de-a760-4c21-a296-1836faf24396/timeouts[39m
[35m[HTTP][39m [90m{"implicit":50}[39m
[35m[HTTP][39m [37m<-- POST /wd/hub/session/4a89b8de-a760-4c21-a296-1836faf24396/timeouts [39m[32m200[39m [90m2 ms - 14[39m
[35m[HTTP][39m [90m[39m
[35m[HTTP][39m [37m-->[39m [37mGET[39m [37m/wd/hub/session/4a89b8de-a760-4c21-a296-1836faf24396/window/rect[39m
[35m[HTTP][39m [90m{}[39m
[35m[HTTP][39m [37m<-- GET /wd/hub/session/4a89b8de-a760-4c21-a296-1836faf24396/window/rect [39m[32m200[39m [90m28 ms - 50[39m
[35m[HTTP][39m [90m[39m
[35m[HTTP][39m [37m-->[39m [37mPOST[39m [37m/wd/hub/session/4a89b8de-a760-4c21-a296-1836faf24396/elements[39m
[35m[HTTP][39m [90m{"using":"xpath","value":"//*[@class = 'android.widget.TextView' and (@text = 'Email not verified, Resend link Verification?' or . = 'Email not verified, Resend link Verification?')]"}[39m
[35m[HTTP][39m [37m<-- POST /wd/hub/session/4a89b8de-a760-4c21-a296-1836faf24396/elements [39m[32m200[39m [90m369 ms - 12[39m
[35m[HTTP][39m [90m[39m
[35m[HTTP][39m [37m-->[39m [37mPOST[39m [37m/wd/hub/session/4a89b8de-a760-4c21-a296-1836faf24396/elements[39m
[35m[HTTP][39m [90m{"using":"xpath","value":"//*[@class = 'android.widget.TextView' and (@text = 'Email not verified, Resend link Verification?' or . = 'Email not verified, Resend link Verification?')]"}[39m
[35m[HTTP][39m [37m<-- POST /wd/hub/session/4a89b8de-a760-4c21-a296-1836faf24396/elements [39m[32m200[39m [90m877 ms - 139[39m
[35m[HTTP][39m [90m[39m
[35m[HTTP][39m [37m-->[39m [37mGET[39m [37m/wd/hub/session/4a89b8de-a760-4c21-a296-1836faf24396/element/00000000-0000-0661-ffff-ffff00003cc3/location[39m
[35m[HTTP][39m [90m{}[39m
[35m[W3C (4a89b8de)][39m Driver proxy active, passing request on via HTTP proxy
[35m[WD Proxy][39m Replacing sessionId 282810f5-7bb5-4a0d-afc7-14f02e31e5ed with 4a89b8de-a760-4c21-a296-1836faf24396
[35m[HTTP][39m [37m<-- GET /wd/hub/session/4a89b8de-a760-4c21-a296-1836faf24396/element/00000000-0000-0661-ffff-ffff00003cc3/location [39m[32m200[39m [90m14 ms - 78[39m
[35m[HTTP][39m [90m[39m
[35m[HTTP][39m [37m-->[39m [37mPOST[39m [37m/wd/hub/session/4a89b8de-a760-4c21-a296-1836faf24396/timeouts[39m
[35m[HTTP][39m [90m{"implicit":30000}[39m
[35m[HTTP][39m [37m<-- POST /wd/hub/session/4a89b8de-a760-4c21-a296-1836faf24396/timeouts [39m[32m200[39m [90m3 ms - 14[39m
[35m[HTTP][39m [90m[39m
[35m[HTTP][39m [37m-->[39m [37mPOST[39m [37m/wd/hub/session/4a89b8de-a760-4c21-a296-1836faf24396/timeouts[39m
[35m[HTTP][39m [90m{"implicit":50}[39m
[35m[HTTP][39m [37m<-- POST /wd/hub/session/4a89b8de-a760-4c21-a296-1836faf24396/timeouts [39m[32m200[39m [90m2 ms - 14[39m
[35m[HTTP][39m [90m[39m
[35m[HTTP][39m [37m-->[39m [37mGET[39m [37m/wd/hub/session/4a89b8de-a760-4c21-a296-1836faf24396/window/rect[39m
[35m[HTTP][39m [90m{}[39m
[35m[HTTP][39m [37m<-- GET /wd/hub/session/4a89b8de-a760-4c21-a296-1836faf24396/window/rect [39m[32m200[39m [90m12 ms - 50[39m
[35m[HTTP][39m [90m[39m
[35m[HTTP][39m [37m-->[39m [37mPOST[39m [37m/wd/hub/session/4a89b8de-a760-4c21-a296-1836faf24396/elements[39m
[35m[HTTP][39m [90m{"using":"xpath","value":"//hierarchy/android.widget.FrameLayout[1]/android.widget.LinearLayout[1]/android.widget.FrameLayout[1]/android.widget.FrameLayout[1]/android.view.ViewGroup[1]/android.view.ViewGroup[1]/android.view.ViewGroup[2]/android.view.ViewGroup[3]"}[39m
[35m[HTTP][39m [37m<-- POST /wd/hub/session/4a89b8de-a760-4c21-a296-1836faf24396/elements [39m[32m200[39m [90m40 ms - 139[39m
[35m[HTTP][39m [90m[39m
[35m[HTTP][39m [37m-->[39m [37mGET[39m [37m/wd/hub/session/4a89b8de-a760-4c21-a296-1836faf24396/element/00000000-0000-0661-ffff-ffff00003cc7/location[39m
[35m[HTTP][39m [90m{}[39m
[35m[W3C (4a89b8de)][39m Driver proxy active, passing request on via HTTP proxy
[35m[WD Proxy][39m Replacing sessionId 282810f5-7bb5-4a0d-afc7-14f02e31e5ed with 4a89b8de-a760-4c21-a296-1836faf24396
[35m[HTTP][39m [37m<-- GET /wd/hub/session/4a89b8de-a760-4c21-a296-1836faf24396/element/00000000-0000-0661-ffff-ffff00003cc7/location [39m[32m200[39m [90m11 ms - 79[39m
[35m[HTTP][39m [90m[39m
[35m[HTTP][39m [37m-->[39m [37mPOST[39m [37m/wd/hub/session/4a89b8de-a760-4c21-a296-1836faf24396/timeouts[39m
[35m[HTTP][39m [90m{"implicit":30000}[39m
[35m[HTTP][39m [37m<-- POST /wd/hub/session/4a89b8de-a760-4c21-a296-1836faf24396/timeouts [39m[32m200[39m [90m1 ms - 14[39m
[35m[HTTP][39m [90m[39m
[35m[HTTP][39m [37m-->[39m [37mPOST[39m [37m/wd/hub/session/4a89b8de-a760-4c21-a296-1836faf24396/element/00000000-0000-0661-ffff-ffff00003cc7/click[39m
[35m[HTTP][39m [90m{"id":"00000000-0000-0661-ffff-ffff00003cc7"}[39m
[35m[HTTP][39m [37m<-- POST /wd/hub/session/4a89b8de-a760-4c21-a296-1836faf24396/element/00000000-0000-0661-ffff-ffff00003cc7/click [39m[32m200[39m [90m43 ms - 14[39m
[35m[HTTP][39m [90m[39m
[35m[HTTP][39m [37m-->[39m [37mGET[39m [37m/wd/hub/session/4a89b8de-a760-4c21-a296-1836faf24396/context[39m
[35m[HTTP][39m [90m{}[39m
[35m[HTTP][39m [37m<-- GET /wd/hub/session/4a89b8de-a760-4c21-a296-1836faf24396/context [39m[32m200[39m [90m2 ms - 22[39m
[35m[HTTP][39m [90m[39m
[35m[HTTP][39m [37m-->[39m [37mGET[39m [37m/wd/hub/session/4a89b8de-a760-4c21-a296-1836faf24396/contexts[39m
[35m[HTTP][39m [90m{}[39m
[35m[HTTP][39m [37m<-- GET /wd/hub/session/4a89b8de-a760-4c21-a296-1836faf24396/contexts [39m[32m200[39m [90m140 ms - 24[39m
[35m[HTTP][39m [90m[39m
[35m[HTTP][39m [37m-->[39m [37mPOST[39m [37m/wd/hub/session/4a89b8de-a760-4c21-a296-1836faf24396/context[39m
[35m[HTTP][39m [90m{"name":"NATIVE_APP"}[39m
[35m[HTTP][39m [37m<-- POST /wd/hub/session/4a89b8de-a760-4c21-a296-1836faf24396/context [39m[32m200[39m [90m2 ms - 14[39m
[35m[HTTP][39m [90m[39m
[35m[HTTP][39m [37m-->[39m [37mPOST[39m [37m/wd/hub/session/4a89b8de-a760-4c21-a296-1836faf24396/appium/device/press_keycode[39m
[35m[HTTP][39m [90m{"keycode":4}[39m
[35m[HTTP][39m [37m<-- POST /wd/hub/session/4a89b8de-a760-4c21-a296-1836faf24396/appium/device/press_keycode [39m[32m200[39m [90m546 ms - 14[39m
[35m[HTTP][39m [90m[39m
[35m[HTTP][39m [37m-->[39m [37mPOST[39m [37m/wd/hub/session/4a89b8de-a760-4c21-a296-1836faf24396/context[39m
[35m[HTTP][39m [90m{"name":"NATIVE_APP"}[39m
[35m[HTTP][39m [37m<-- POST /wd/hub/session/4a89b8de-a760-4c21-a296-1836faf24396/context [39m[32m200[39m [90m2 ms - 14[39m
[35m[HTTP][39m [90m[39m
[35m[HTTP][39m [37m-->[39m [37mDELETE[39m [37m/wd/hub/session/4a89b8de-a760-4c21-a296-1836faf24396[39m
[35m[HTTP][39m [90m{}[39m
[35m[Appium][39m Removing session 4a89b8de-a760-4c21-a296-1836faf24396 from our master session list
[35m[UiAutomator2][39m Restoring hidden api policy to the device default configuration
[35m[HTTP][39m [37m<-- DELETE /wd/hub/session/4a89b8de-a760-4c21-a296-1836faf24396 [39m[32m200[39m [90m315 ms - 14[39m
[35m[HTTP][39m [90m[39m
